 2022-02-06 23:54:07,893  
 CSx_4 SVR: {'C': 1000, 'gamma': 0.001, 'kernel': 'rbf'} 
 dataset shape: (1000, 3835) 
 Mean squared error: 10285.88657067246 
 samples: 3835 
 --------------------------------- 

 2022-02-07 10:04:58,867  
 CS_x_4 SVR: {'C': 1000, 'gamma': 0.01, 'kernel': 'rbf'} 
 dataset shape: (1000, 3835) 
 Mean squared error: 13208.192157274088 
 samples: 1918 
 --------------------------------- 

 2022-02-07 12:42:48,642  
 CS_y_4 SVR: {'C': 1000, 'gamma': 0.001, 'kernel': 'rbf'} 
 dataset shape: (1000, 3853) 
 Mean squared error: 10389.374497015537 
 samples: 3853 
 --------------------------------- 

 2022-02-07 14:01:48,505  
 CS_y_4 SVR: {'C': 1000, 'gamma': 0.01, 'kernel': 'rbf'} 
 dataset shape: (1000, 3853) 
 Mean squared error: 10539.034863003666 
 samples: 1927 
 --------------------------------- 

